Using pre-set license
Built from '2021.3/staging' branch; Version is '2021.3.18f1 (3129e69bc0c7) revision 3221990'; Using compiler version '192829333'; Build Type 'Release'
OS: 'Windows 10  (10.0.19044) 64bit Professional' Language: 'en' Physical Memory: 16335 MB
BatchMode: 1, IsHumanControllingUs: 0, StartBugReporterOnCrash: 0, Is64bit: 1, IsPro: 1

COMMAND LINE ARGUMENTS:
C:\Program Files\Unity\Hub\Editor\2021.3.18f1\Editor\Unity.exe
-adb2
-batchMode
-noUpm
-name
AssetImportWorker1
-projectPath
C:/Users/caffe/Documents/GitHub/Unity3DWoW
-logFile
Logs/AssetImportWorker1.log
-srvPort
12218
Successfully changed project path to: C:/Users/caffe/Documents/GitHub/Unity3DWoW
C:/Users/caffe/Documents/GitHub/Unity3DWoW
[UnityMemory] Configuration Parameters - Can be set up in boot.config
    "memorysetup-bucket-allocator-granularity=16"
    "memorysetup-bucket-allocator-bucket-count=8"
    "memorysetup-bucket-allocator-block-size=33554432"
    "memorysetup-bucket-allocator-block-count=8"
    "memorysetup-main-allocator-block-size=16777216"
    "memorysetup-thread-allocator-block-size=16777216"
    "memorysetup-gfx-main-allocator-block-size=16777216"
    "memorysetup-gfx-thread-allocator-block-size=16777216"
    "memorysetup-cache-allocator-block-size=4194304"
    "memorysetup-typetree-allocator-block-size=2097152"
    "memorysetup-profiler-bucket-allocator-granularity=16"
    "memorysetup-profiler-bucket-allocator-bucket-count=8"
    "memorysetup-profiler-bucket-allocator-block-size=33554432"
    "memorysetup-profiler-bucket-allocator-block-count=8"
    "memorysetup-profiler-allocator-block-size=16777216"
    "memorysetup-profiler-editor-allocator-block-size=1048576"
    "memorysetup-temp-allocator-size-main=16777216"
    "memorysetup-job-temp-allocator-block-size=2097152"
    "memorysetup-job-temp-allocator-block-size-background=1048576"
    "memorysetup-job-temp-allocator-reduction-small-platforms=262144"
    "memorysetup-temp-allocator-size-background-worker=32768"
    "memorysetup-temp-allocator-size-job-worker=262144"
    "memorysetup-temp-allocator-size-preload-manager=33554432"
    "memorysetup-temp-allocator-size-nav-mesh-worker=65536"
    "memorysetup-temp-allocator-size-audio-worker=65536"
    "memorysetup-temp-allocator-size-cloud-worker=32768"
    "memorysetup-temp-allocator-size-gi-baking-worker=262144"
    "memorysetup-temp-allocator-size-gfx=262144"
Player connection [14704] Host "[IP] 192.168.1.3 [Port] 0 [Flags] 2 [Guid] 3671153281 [EditorId] 3671153281 [Version] 1048832 [Id] WindowsEditor(7,DESKTOP-UIQNAJU) [Debug] 1 [PackageName] WindowsEditor [ProjectName] Editor" joined multi-casting on [225.0.0.222:54997]...

Player connection [14704] Host "[IP] 192.168.1.3 [Port] 0 [Flags] 2 [Guid] 3671153281 [EditorId] 3671153281 [Version] 1048832 [Id] WindowsEditor(7,DESKTOP-UIQNAJU) [Debug] 1 [PackageName] WindowsEditor [ProjectName] Editor" joined alternative multi-casting on [225.0.0.222:34997]...

Refreshing native plugins compatible for Editor in 83.73 ms, found 4 plugins.
Preloading 0 native plugins for Editor in 0.00 ms.
Initialize engine version: 2021.3.18f1 (3129e69bc0c7)
[Subsystems] Discovering subsystems at path C:/Program Files/Unity/Hub/Editor/2021.3.18f1/Editor/Data/Resources/UnitySubsystems
[Subsystems] Discovering subsystems at path C:/Users/caffe/Documents/GitHub/Unity3DWoW/Assets
GfxDevice: creating device client; threaded=0; jobified=0
Direct3D:
    Version:  Direct3D 11.0 [level 11.1]
    Renderer: AMD Radeon RX 5600 XT (ID=0x731f)
    Vendor:   ATI
    VRAM:     6103 MB
    Driver:   31.0.12027.7000
Initialize mono
Mono path[0] = 'C:/Program Files/Unity/Hub/Editor/2021.3.18f1/Editor/Data/Managed'
Mono path[1] = 'C:/Program Files/Unity/Hub/Editor/2021.3.18f1/Editor/Data/MonoBleedingEdge/lib/mono/unityjit-win32'
Mono config path = 'C:/Program Files/Unity/Hub/Editor/2021.3.18f1/Editor/Data/MonoBleedingEdge/etc'
Using monoOptions --debugger-agent=transport=dt_socket,embedding=1,server=y,suspend=n,address=127.0.0.1:56800
Begin MonoManager ReloadAssembly
Registering precompiled unity dll's ...
Register platform support module: C:/Program Files/Unity/Hub/Editor/2021.3.18f1/Editor/Data/PlaybackEngines/WindowsStandaloneSupport/UnityEditor.WindowsStandalone.Extensions.dll
Registered in 0.009738 seconds.
Native extension for WindowsStandalone target not found
Refreshing native plugins compatible for Editor in 82.54 ms, found 4 plugins.
Preloading 0 native plugins for Editor in 0.00 ms.
Mono: successfully reloaded assembly
- Completed reload, in  0.808 seconds
Domain Reload Profiling:
	ReloadAssembly (808ms)
		BeginReloadAssembly (96ms)
			ExecutionOrderSort (0ms)
			DisableScriptedObjects (0ms)
			BackupInstance (0ms)
			ReleaseScriptingObjects (0ms)
			CreateAndSetChildDomain (1ms)
		EndReloadAssembly (572ms)
			LoadAssemblies (93ms)
			RebuildTransferFunctionScriptingTraits (0ms)
			SetupTypeCache (135ms)
			ReleaseScriptCaches (0ms)
			RebuildScriptCaches (37ms)
			SetupLoadedEditorAssemblies (335ms)
				LogAssemblyErrors (0ms)
				InitializePlatformSupportModulesInManaged (10ms)
				SetLoadedEditorAssemblies (0ms)
				RefreshPlugins (83ms)
				BeforeProcessingInitializeOnLoad (2ms)
				ProcessInitializeOnLoadAttributes (179ms)
				ProcessInitializeOnLoadMethodAttributes (62ms)
				AfterProcessingInitializeOnLoad (0ms)
				EditorAssembliesLoaded (0ms)
			ExecutionOrderSort2 (0ms)
			AwakeInstancesAfterBackupRestoration (0ms)
Platform modules already initialized, skipping
Registering precompiled user dll's ...
Registered in 0.008312 seconds.
Begin MonoManager ReloadAssembly
Symbol file LoadedFromMemory doesn't match image C:\Users\caffe\Documents\GitHub\Unity3DWoW\Library\PackageCache\com.unity.visualscripting@1.8.0\Editor\VisualScripting.Core\Dependencies\YamlDotNet\Unity.VisualScripting.YamlDotNet.dll
Symbol file LoadedFromMemory doesn't match image C:\Users\caffe\Documents\GitHub\Unity3DWoW\Library\PackageCache\com.unity.visualscripting@1.8.0\Editor\VisualScripting.Core\Dependencies\DotNetZip\Unity.VisualScripting.IonicZip.dll
Native extension for WindowsStandalone target not found
Refreshing native plugins compatible for Editor in 0.54 ms, found 4 plugins.
Preloading 0 native plugins for Editor in 0.00 ms.
Mono: successfully reloaded assembly
- Completed reload, in  1.268 seconds
Domain Reload Profiling:
	ReloadAssembly (1269ms)
		BeginReloadAssembly (144ms)
			ExecutionOrderSort (0ms)
			DisableScriptedObjects (8ms)
			BackupInstance (0ms)
			ReleaseScriptingObjects (0ms)
			CreateAndSetChildDomain (24ms)
		EndReloadAssembly (959ms)
			LoadAssemblies (101ms)
			RebuildTransferFunctionScriptingTraits (0ms)
			SetupTypeCache (288ms)
			ReleaseScriptCaches (1ms)
			RebuildScriptCaches (67ms)
			SetupLoadedEditorAssemblies (466ms)
				LogAssemblyErrors (0ms)
				InitializePlatformSupportModulesInManaged (8ms)
				SetLoadedEditorAssemblies (1ms)
				RefreshPlugins (1ms)
				BeforeProcessingInitializeOnLoad (104ms)
				ProcessInitializeOnLoadAttributes (314ms)
				ProcessInitializeOnLoadMethodAttributes (28ms)
				AfterProcessingInitializeOnLoad (10ms)
				EditorAssembliesLoaded (0ms)
			ExecutionOrderSort2 (0ms)
			AwakeInstancesAfterBackupRestoration (6ms)
Platform modules already initialized, skipping
========================================================================
Worker process is ready to serve import requests
Launched and connected shader compiler UnityShaderCompiler.exe after 0.05 seconds
Refreshing native plugins compatible for Editor in 0.78 ms, found 4 plugins.
Preloading 0 native plugins for Editor in 0.00 ms.
Unloading 3050 Unused Serialized files (Serialized files now loaded: 0)
Unloading 25 unused Assets / (57.3 KB). Loaded Objects now: 3510.
Memory consumption went from 136.1 MB to 136.0 MB.
Total: 3.395400 ms (FindLiveObjects: 0.302500 ms CreateObjectMapping: 0.091700 ms MarkObjects: 2.865500 ms  DeleteObjects: 0.133400 ms)

AssetImportParameters requested are different than current active one (requested -> active):
  custom:video-decoder-ogg-theora: a1e56fd34408186e4bbccfd4996cb3dc -> 
  custom:container-muxer-webm: aa71ff27fc2769a1b78a27578f13a17b -> 
  custom:container-demuxer-webm: 4f35f7cbe854078d1ac9338744f61a02 -> 
  custom:video-encoder-webm-vp8: eb34c28f22e8b96e1ab97ce403110664 -> 
  custom:audio-encoder-webm-vorbis: bf7c407c2cedff20999df2af8eb42d56 -> 
  custom:framework-win-MediaFoundation: 216162199b28c13a410421893ffa2e32 -> 
  custom:container-demuxer-ogg: 62fdf1f143b41e24485cea50d1cbac27 -> 
  custom:video-decoder-webm-vp8: 9c59270c3fd7afecdb556c50c9e8de78 -> 
  custom:audio-decoder-ogg-vorbis: bf7c407c2cedff20999df2af8eb42d56 -> 
========================================================================
Received Import Request.
  Time since last request: 184150.485062 seconds.
  path: Assets/Scripts/ClientHelpers
  artifactKey: Guid(56f9688ad76cf6f4cb3debf14d0db933) Importer(815301076,1909f56bfc062723c751e8b465ee728b)
Start importing Assets/Scripts/ClientHelpers using Guid(56f9688ad76cf6f4cb3debf14d0db933) Importer(815301076,1909f56bfc062723c751e8b465ee728b)  -> (artifact id: 'f6d548f2e988fab9d1374b4cdce2fb00') in 0.011578 seconds 
========================================================================
Received Import Request.
  Time since last request: 0.000032 seconds.
  path: Assets/Scripts
  artifactKey: Guid(d97b82c5cb0a0f34cae22b46b955e426) Importer(815301076,1909f56bfc062723c751e8b465ee728b)
Start importing Assets/Scripts using Guid(d97b82c5cb0a0f34cae22b46b955e426) Importer(815301076,1909f56bfc062723c751e8b465ee728b)  -> (artifact id: '215215e9ea58da0a2eb29d4732ea99cb') in 0.005961 seconds 
========================================================================
Received Import Request.
  Time since last request: 23.435583 seconds.
  path: Assets/Resources/Materials/1.mat
  artifactKey: Guid(ef957335b5db7454498b61d052b769c5) Importer(815301076,1909f56bfc062723c751e8b465ee728b)
Start importing Assets/Resources/Materials/1.mat using Guid(ef957335b5db7454498b61d052b769c5) Importer(815301076,1909f56bfc062723c751e8b465ee728b)  -> (artifact id: '844624b3cb01bb5534ae260fa9829904') in 0.359953 seconds 
========================================================================
Received Import Request.
  Time since last request: 0.000021 seconds.
  path: Assets/Resources/Materials/2.mat
  artifactKey: Guid(70157458d784c0a4d856924fd7603a2f) Importer(815301076,1909f56bfc062723c751e8b465ee728b)
Start importing Assets/Resources/Materials/2.mat using Guid(70157458d784c0a4d856924fd7603a2f) Importer(815301076,1909f56bfc062723c751e8b465ee728b)  -> (artifact id: '8b8ccdb3fa6337e705d1c231bd09769d') in 0.016047 seconds 
========================================================================
Received Import Request.
  Time since last request: 0.000032 seconds.
  path: Assets/Resources/Materials/32779.mat
  artifactKey: Guid(62971a6901568fe489492029784ae57e) Importer(815301076,1909f56bfc062723c751e8b465ee728b)
Start importing Assets/Resources/Materials/32779.mat using Guid(62971a6901568fe489492029784ae57e) Importer(815301076,1909f56bfc062723c751e8b465ee728b)  -> (artifact id: '555da52ae5cb9531490cf6bd6adc4829') in 0.191651 seconds 
========================================================================
Received Import Request.
  Time since last request: 0.000022 seconds.
  path: Assets/Resources/Materials/16400.mat
  artifactKey: Guid(a2c67faa37789ac439ec752181a71e1b) Importer(815301076,1909f56bfc062723c751e8b465ee728b)
Start importing Assets/Resources/Materials/16400.mat using Guid(a2c67faa37789ac439ec752181a71e1b) Importer(815301076,1909f56bfc062723c751e8b465ee728b)  -> (artifact id: '8f49bf4aa92d1c3b1272f50b6d5a9ee7') in 0.200658 seconds 
========================================================================
Received Import Request.
  Time since last request: 0.000027 seconds.
  path: Assets/Resources/Materials/16404.mat
  artifactKey: Guid(64ee3504abdee8644a38fc102098db9c) Importer(815301076,1909f56bfc062723c751e8b465ee728b)
Start importing Assets/Resources/Materials/16404.mat using Guid(64ee3504abdee8644a38fc102098db9c) Importer(815301076,1909f56bfc062723c751e8b465ee728b)  -> (artifact id: 'fa0243dc7e36b80fe788dd64788abb58') in 0.201114 seconds 
========================================================================
Received Import Request.
  Time since last request: 0.000046 seconds.
  path: Assets/Resources/Materials/25.mat
  artifactKey: Guid(813eafeb081150546a70ca826cbaf035) Importer(815301076,1909f56bfc062723c751e8b465ee728b)
Start importing Assets/Resources/Materials/25.mat using Guid(813eafeb081150546a70ca826cbaf035) Importer(815301076,1909f56bfc062723c751e8b465ee728b)  -> (artifact id: '029eb6bef440a44f7302ae5d4267c9de') in 0.185221 seconds 
========================================================================
Received Import Request.
  Time since last request: 0.000029 seconds.
  path: Assets/Resources/Materials/32789.mat
  artifactKey: Guid(f002294fcabe1674a9545f89537b6afb) Importer(815301076,1909f56bfc062723c751e8b465ee728b)
Start importing Assets/Resources/Materials/32789.mat using Guid(f002294fcabe1674a9545f89537b6afb) Importer(815301076,1909f56bfc062723c751e8b465ee728b)  -> (artifact id: '02da5de7ff528dfbe2b5367e72df9968') in 0.204573 seconds 
========================================================================
Received Import Request.
  Time since last request: 0.000022 seconds.
  path: Assets/Resources/Materials/particleadditivematerial.mat
  artifactKey: Guid(75618aea0b743544c9f898668077a6b7) Importer(815301076,1909f56bfc062723c751e8b465ee728b)
Start importing Assets/Resources/Materials/particleadditivematerial.mat using Guid(75618aea0b743544c9f898668077a6b7) Importer(815301076,1909f56bfc062723c751e8b465ee728b)  -> (artifact id: '973c29d8b72408ec4eaf65163e5a4c4c') in 0.123003 seconds 
========================================================================
Received Import Request.
  Time since last request: 0.000029 seconds.
  path: Assets/Resources/Materials/23.mat
  artifactKey: Guid(b14eea0b811452f4c8e5e3b687b8719f) Importer(815301076,1909f56bfc062723c751e8b465ee728b)
Start importing Assets/Resources/Materials/23.mat using Guid(b14eea0b811452f4c8e5e3b687b8719f) Importer(815301076,1909f56bfc062723c751e8b465ee728b)  -> (artifact id: '3a2ee470a2b5ab52edb34fe7bc233b04') in 0.181672 seconds 
========================================================================
Received Import Request.
  Time since last request: 0.000020 seconds.
  path: Assets/Resources/Materials/32773.mat
  artifactKey: Guid(a9c53d6758eea6b49bf137d419300486) Importer(815301076,1909f56bfc062723c751e8b465ee728b)
Start importing Assets/Resources/Materials/32773.mat using Guid(a9c53d6758eea6b49bf137d419300486) Importer(815301076,1909f56bfc062723c751e8b465ee728b)  -> (artifact id: 'e5557d3fe5e61a6e08fe7bbc22daf649') in 0.179083 seconds 
========================================================================
Received Import Request.
  Time since last request: 0.000022 seconds.
  path: Assets/Resources/Materials/32780.mat
  artifactKey: Guid(c014f6706a7de5f4f873764a53c9f065) Importer(815301076,1909f56bfc062723c751e8b465ee728b)
Start importing Assets/Resources/Materials/32780.mat using Guid(c014f6706a7de5f4f873764a53c9f065) Importer(815301076,1909f56bfc062723c751e8b465ee728b)  -> (artifact id: 'd2011af063cf1fa2d4574d913cde0b67') in 0.189152 seconds 
========================================================================
Received Import Request.
  Time since last request: 0.000033 seconds.
  path: Assets/Resources/Materials/HiddenMaterial.mat
  artifactKey: Guid(a21f596c570fe984a98420611af50e78) Importer(815301076,1909f56bfc062723c751e8b465ee728b)
Start importing Assets/Resources/Materials/HiddenMaterial.mat using Guid(a21f596c570fe984a98420611af50e78) Importer(815301076,1909f56bfc062723c751e8b465ee728b)  -> (artifact id: '0e6b9ecb95424d23d320cde15557b6ad') in 0.300893 seconds 
========================================================================
Received Import Request.
  Time since last request: 0.000020 seconds.
  path: Assets/Resources/Materials/16390.mat
  artifactKey: Guid(1d7014d69cd930d4188705635a1c7369) Importer(815301076,1909f56bfc062723c751e8b465ee728b)
Start importing Assets/Resources/Materials/16390.mat using Guid(1d7014d69cd930d4188705635a1c7369) Importer(815301076,1909f56bfc062723c751e8b465ee728b)  -> (artifact id: '22863266af1d7cbabde472c2297a9d29') in 0.197238 seconds 
========================================================================
Received Import Request.
  Time since last request: 0.000044 seconds.
  path: Assets/Resources/Materials/27.mat
  artifactKey: Guid(0c72984d6e1a3054498de84e89df7ee8) Importer(815301076,1909f56bfc062723c751e8b465ee728b)
Start importing Assets/Resources/Materials/27.mat using Guid(0c72984d6e1a3054498de84e89df7ee8) Importer(815301076,1909f56bfc062723c751e8b465ee728b)  -> (artifact id: 'f9a62d7247d8880e33551f171d1b8683') in 0.185282 seconds 
========================================================================
Received Import Request.
  Time since last request: 0.000023 seconds.
  path: Assets/Resources/Materials/16401.mat
  artifactKey: Guid(278fab9984f32a445be6ac71e1ecea0e) Importer(815301076,1909f56bfc062723c751e8b465ee728b)
Start importing Assets/Resources/Materials/16401.mat using Guid(278fab9984f32a445be6ac71e1ecea0e) Importer(815301076,1909f56bfc062723c751e8b465ee728b)  -> (artifact id: 'c7b70b844a18dfc40497637c68ba7d16') in 0.205695 seconds 
========================================================================
Received Import Request.
  Time since last request: 0.000027 seconds.
  path: Assets/Resources/Materials/particletransparentmaterial.mat
  artifactKey: Guid(bb5fcacfee532a44a846275e8c86c18d) Importer(815301076,1909f56bfc062723c751e8b465ee728b)
Start importing Assets/Resources/Materials/particletransparentmaterial.mat using Guid(bb5fcacfee532a44a846275e8c86c18d) Importer(815301076,1909f56bfc062723c751e8b465ee728b)  -> (artifact id: '1f055afe81e70c1c3d5363ed868cb4b0') in 0.096272 seconds 
========================================================================
Received Import Request.
  Time since last request: 0.000034 seconds.
  path: Assets/Resources/Materials/32782.mat
  artifactKey: Guid(b0b0d8bdc4bca2e4db466125467e0ef4) Importer(815301076,1909f56bfc062723c751e8b465ee728b)
Start importing Assets/Resources/Materials/32782.mat using Guid(b0b0d8bdc4bca2e4db466125467e0ef4) Importer(815301076,1909f56bfc062723c751e8b465ee728b)  -> (artifact id: 'deb8a864103f58d5d6a14e534fc760b0') in 0.195256 seconds 
========================================================================
Received Import Request.
  Time since last request: 0.000023 seconds.
  path: Assets/Resources/Materials/32774.mat
  artifactKey: Guid(b4106c6d61b4ba24e8c3c9be5a5cdd6c) Importer(815301076,1909f56bfc062723c751e8b465ee728b)
Start importing Assets/Resources/Materials/32774.mat using Guid(b4106c6d61b4ba24e8c3c9be5a5cdd6c) Importer(815301076,1909f56bfc062723c751e8b465ee728b)  -> (artifact id: '6c8d32d09e4cd2781986bea7a1cd0bb1') in 0.183321 seconds 
========================================================================
Received Import Request.
  Time since last request: 0.000032 seconds.
  path: Assets/Resources/Materials/144.mat
  artifactKey: Guid(589c90bac0758be4e85c3eca1fb8390b) Importer(815301076,1909f56bfc062723c751e8b465ee728b)
Start importing Assets/Resources/Materials/144.mat using Guid(589c90bac0758be4e85c3eca1fb8390b) Importer(815301076,1909f56bfc062723c751e8b465ee728b)  -> (artifact id: 'ed874dd9fe590ee10c9f3a1b2a23cff6') in 0.181188 seconds 
========================================================================
Received Import Request.
  Time since last request: 0.000036 seconds.
  path: Assets/Resources/Materials/19.mat
  artifactKey: Guid(65be5ad82e665ab43acb9d7dc2139417) Importer(815301076,1909f56bfc062723c751e8b465ee728b)
Start importing Assets/Resources/Materials/19.mat using Guid(65be5ad82e665ab43acb9d7dc2139417) Importer(815301076,1909f56bfc062723c751e8b465ee728b)  -> (artifact id: 'de6d606d3c83c6ba862dc525f8e63f6e') in 0.185323 seconds 
========================================================================
Received Import Request.
  Time since last request: 0.000021 seconds.
  path: Assets/Resources/Materials/16403.mat
  artifactKey: Guid(b019250f94c97e94f8a30c57b1b32a2e) Importer(815301076,1909f56bfc062723c751e8b465ee728b)
Start importing Assets/Resources/Materials/16403.mat using Guid(b019250f94c97e94f8a30c57b1b32a2e) Importer(815301076,1909f56bfc062723c751e8b465ee728b)  -> (artifact id: 'a55ef641fbe95a0de52b57ed04fa5704') in 0.180325 seconds 
========================================================================
Received Import Request.
  Time since last request: 0.000028 seconds.
  path: Assets/Resources/Materials/28.mat
  artifactKey: Guid(5e2460b80781e5d4b9646a2b14f454c8) Importer(815301076,1909f56bfc062723c751e8b465ee728b)
Start importing Assets/Resources/Materials/28.mat using Guid(5e2460b80781e5d4b9646a2b14f454c8) Importer(815301076,1909f56bfc062723c751e8b465ee728b)  -> (artifact id: 'c1a72c4ae5f58c8f8efb9b5af6292e9c') in 0.198313 seconds 
========================================================================
Received Import Request.
  Time since last request: 0.000035 seconds.
  path: Assets/Resources/Materials/32785.mat
  artifactKey: Guid(ddd8480df31337b46a2e8429e2eae4a3) Importer(815301076,1909f56bfc062723c751e8b465ee728b)
Start importing Assets/Resources/Materials/32785.mat using Guid(ddd8480df31337b46a2e8429e2eae4a3) Importer(815301076,1909f56bfc062723c751e8b465ee728b)  -> (artifact id: 'd8135105476b7e67ab5f4600afd3ffc5') in 0.189198 seconds 
========================================================================
Received Import Request.
  Time since last request: 0.000019 seconds.
  path: Assets/Resources/Models
  artifactKey: Guid(c6c43d2afe583154aa2962e95baa468c) Importer(815301076,1909f56bfc062723c751e8b465ee728b)
Start importing Assets/Resources/Models using Guid(c6c43d2afe583154aa2962e95baa468c) Importer(815301076,1909f56bfc062723c751e8b465ee728b)  -> (artifact id: 'ca713e4c3c8cda3c2d970a54faeed45f') in 0.006557 seconds 
========================================================================
Received Import Request.
  Time since last request: 0.000032 seconds.
  path: Assets/Resources/Materials/32791.mat
  artifactKey: Guid(3843b95660145cc4ba4a9e13056aeb3d) Importer(815301076,1909f56bfc062723c751e8b465ee728b)
Start importing Assets/Resources/Materials/32791.mat using Guid(3843b95660145cc4ba4a9e13056aeb3d) Importer(815301076,1909f56bfc062723c751e8b465ee728b)  -> (artifact id: '86cc01ab3179e9a539bbe773cfd1bb92') in 0.187406 seconds 
========================================================================
Received Import Request.
  Time since last request: 0.000029 seconds.
  path: Assets/Resources/Materials/SimpleMaterial.mat
  artifactKey: Guid(aa97856e63a8c8d49a2fce349313d2d3) Importer(815301076,1909f56bfc062723c751e8b465ee728b)
Start importing Assets/Resources/Materials/SimpleMaterial.mat using Guid(aa97856e63a8c8d49a2fce349313d2d3) Importer(815301076,1909f56bfc062723c751e8b465ee728b)  -> (artifact id: '6e19ea653f7688ac9a64d86211bf68b6') in 0.181798 seconds 
Editor requested this worker to shutdown with reason: Scaling down because of idle timeout
AssetImportWorker is now disconnected from the server
Process exiting
Exiting without the bug reporter. Application will terminate with return code 0