Using pre-set license
Built from '2020.3/release' branch; Version is '2020.3.12f1 (b3b2c6512326) revision 11776710'; Using compiler version '192528614'; Build Type 'Release'
OS: 'Windows 10 Pro; OS build 19045.2846; Version 2009; 64bit' Language: 'en' Physical Memory: 16335 MB
BatchMode: 1, IsHumanControllingUs: 0, StartBugReporterOnCrash: 0, Is64bit: 1, IsPro: 0

 COMMAND LINE ARGUMENTS:
F:\unity\2020.3.12f1\Editor\Unity.exe
-adb2
-batchMode
-noUpm
-name
AssetImportWorker0
-projectPath
C:/Users/mikey/Documents/GitHub/Unity-Wow-Clone
-logFile
Logs/AssetImportWorker0.log
-srvPort
54741
Successfully changed project path to: C:/Users/mikey/Documents/GitHub/Unity-Wow-Clone
C:/Users/mikey/Documents/GitHub/Unity-Wow-Clone
Using Asset Import Pipeline V2.
Refreshing native plugins compatible for Editor in 41.23 ms, found 8 plugins.
Preloading 0 native plugins for Editor in 0.00 ms.
Initialize engine version: 2020.3.12f1 (b3b2c6512326)
[Subsystems] Discovering subsystems at path F:/unity/2020.3.12f1/Editor/Data/Resources/UnitySubsystems
[Subsystems] Discovering subsystems at path C:/Users/mikey/Documents/GitHub/Unity-Wow-Clone/Assets
GfxDevice: creating device client; threaded=0
Direct3D:
    Version:  Direct3D 11.0 [level 11.1]
    Renderer: AMD Radeon RX 5600 XT (ID=0x731f)
    Vendor:   
    VRAM:     6103 MB
    Driver:   31.0.12027.7000
Initialize mono
Mono path[0] = 'F:/unity/2020.3.12f1/Editor/Data/Managed'
Mono path[1] = 'F:/unity/2020.3.12f1/Editor/Data/MonoBleedingEdge/lib/mono/unityjit'
Mono config path = 'F:/unity/2020.3.12f1/Editor/Data/MonoBleedingEdge/etc'
Using monoOptions --debugger-agent=transport=dt_socket,embedding=1,server=y,suspend=n,address=127.0.0.1:56304
Begin MonoManager ReloadAssembly
Registering precompiled unity dll's ...
Register platform support module: F:/unity/2020.3.12f1/Editor/Data/PlaybackEngines/WindowsStandaloneSupport/UnityEditor.WindowsStandalone.Extensions.dll
Registered in 0.001157 seconds.
Native extension for WindowsStandalone target not found
Refreshing native plugins compatible for Editor in 32.91 ms, found 8 plugins.
Preloading 0 native plugins for Editor in 0.00 ms.
Mono: successfully reloaded assembly
- Completed reload, in  2.293 seconds
Platform modules already initialized, skipping
Registering precompiled user dll's ...
Registered in 0.009395 seconds.
Begin MonoManager ReloadAssembly
Native extension for WindowsStandalone target not found
Refreshing native plugins compatible for Editor in 0.48 ms, found 8 plugins.
Preloading 0 native plugins for Editor in 0.00 ms.
Mono: successfully reloaded assembly
- Completed reload, in  1.156 seconds
Platform modules already initialized, skipping
========================================================================
Worker process is ready to serve import requests
Launched and connected shader compiler UnityShaderCompiler.exe after 0.05 seconds
Refreshing native plugins compatible for Editor in 0.44 ms, found 8 plugins.
Preloading 0 native plugins for Editor in 0.00 ms.
Unloading 1531 Unused Serialized files (Serialized files now loaded: 0)
System memory in use before: 98.6 MB.
System memory in use after: 98.7 MB.

Unloading 33 unused Assets to reduce memory usage. Loaded Objects now: 1951.
Total: 1.897100 ms (FindLiveObjects: 0.158800 ms CreateObjectMapping: 0.035100 ms MarkObjects: 1.624000 ms  DeleteObjects: 0.078000 ms)

AssetImportParameters requested are different than current active one (requested -> active):
  custom:framework-win-MediaFoundation: 216162199b28c13a410421893ffa2e32 -> 
  custom:video-decoder-ogg-theora: a1e56fd34408186e4bbccfd4996cb3dc -> 
  custom:container-muxer-webm: aa71ff27fc2769a1b78a27578f13a17b -> 
  custom:container-demuxer-webm: 4f35f7cbe854078d1ac9338744f61a02 -> 
  custom:container-demuxer-ogg: 62fdf1f143b41e24485cea50d1cbac27 -> 
  custom:video-encoder-webm-vp8: eb34c28f22e8b96e1ab97ce403110664 -> 
  custom:video-decoder-webm-vp8: 9c59270c3fd7afecdb556c50c9e8de78 -> 
  custom:audio-decoder-ogg-vorbis: bf7c407c2cedff20999df2af8eb42d56 -> 
  custom:audio-encoder-webm-vorbis: bf7c407c2cedff20999df2af8eb42d56 -> 
========================================================================
Received Import Request.
  path: Assets/Scripts
  artifactKey: Guid(d97b82c5cb0a0f34cae22b46b955e426) Importer(815301076,1909f56bfc062723c751e8b465ee728b)
Start importing Assets/Scripts using Guid(d97b82c5cb0a0f34cae22b46b955e426) Importer(815301076,1909f56bfc062723c751e8b465ee728b)  -> (artifact id: 'dff0c6a5e8c2dabfd99249a516f036b4') in 0.011910 seconds 
  Import took 0.014219 seconds .

========================================================================
Received Import Request.
  Time since last request: 54.040097 seconds.
  path: Assets/Scenes
  artifactKey: Guid(51b045c0ed57be545afc397946a33e00) Importer(815301076,1909f56bfc062723c751e8b465ee728b)
Start importing Assets/Scenes using Guid(51b045c0ed57be545afc397946a33e00) Importer(815301076,1909f56bfc062723c751e8b465ee728b)  -> (artifact id: '93e7596a27770edd71ec4c97d0d082d0') in 0.007406 seconds 
  Import took 0.010232 seconds .

========================================================================
Received Import Request.
  Time since last request: 0.903682 seconds.
  path: Assets/Scenes/Persistent.unity
  artifactKey: Guid(1e1aa919508c9ca4e8888a900afa1b60) Importer(815301076,1909f56bfc062723c751e8b465ee728b)
Start importing Assets/Scenes/Persistent.unity using Guid(1e1aa919508c9ca4e8888a900afa1b60) Importer(815301076,1909f56bfc062723c751e8b465ee728b)  -> (artifact id: '6e82a0da5da87eaf3d2ccad44a179381') in 0.016220 seconds 
  Import took 0.018637 seconds .

========================================================================
Received Import Request.
  Time since last request: 34.423406 seconds.
  path: Assets/Scenes/Auth.unity
  artifactKey: Guid(b725c7c89d6a2f94daf2741e5e719829) Importer(815301076,1909f56bfc062723c751e8b465ee728b)
Start importing Assets/Scenes/Auth.unity using Guid(b725c7c89d6a2f94daf2741e5e719829) Importer(815301076,1909f56bfc062723c751e8b465ee728b)  -> (artifact id: '2b9c4ac12829d3563313640a8ea2da05') in 0.007875 seconds 
  Import took 0.010861 seconds .

========================================================================
Received Import Request.
  Time since last request: 5.066545 seconds.
  path: Assets/Scenes/World.unity
  artifactKey: Guid(6b183e8874bfd794ca0766c7ec969e13) Importer(815301076,1909f56bfc062723c751e8b465ee728b)
Start importing Assets/Scenes/World.unity using Guid(6b183e8874bfd794ca0766c7ec969e13) Importer(815301076,1909f56bfc062723c751e8b465ee728b)  -> (artifact id: '3d1c236642fb2dfe3011e5294e84fefe') in 0.007439 seconds 
  Import took 0.010055 seconds .

========================================================================
Received Prepare
Registering precompiled user dll's ...
Registered in 0.010683 seconds.
Begin MonoManager ReloadAssembly
Native extension for WindowsStandalone target not found
Refreshing native plugins compatible for Editor in 0.48 ms, found 8 plugins.
Preloading 0 native plugins for Editor in 0.00 ms.
Mono: successfully reloaded assembly
- Completed reload, in  1.176 seconds
Platform modules already initialized, skipping
Refreshing native plugins compatible for Editor in 0.56 ms, found 8 plugins.
Preloading 0 native plugins for Editor in 0.00 ms.
Unloading 1468 Unused Serialized files (Serialized files now loaded: 0)
System memory in use before: 92.7 MB.
System memory in use after: 92.8 MB.

Unloading 28 unused Assets to reduce memory usage. Loaded Objects now: 1954.
Total: 1.867400 ms (FindLiveObjects: 0.165900 ms CreateObjectMapping: 0.036000 ms MarkObjects: 1.644700 ms  DeleteObjects: 0.019800 ms)

AssetImportParameters requested are different than current active one (requested -> active):
  custom:framework-win-MediaFoundation: 216162199b28c13a410421893ffa2e32 -> 
  custom:video-decoder-ogg-theora: a1e56fd34408186e4bbccfd4996cb3dc -> 
  custom:container-muxer-webm: aa71ff27fc2769a1b78a27578f13a17b -> 
  custom:container-demuxer-webm: 4f35f7cbe854078d1ac9338744f61a02 -> 
  custom:container-demuxer-ogg: 62fdf1f143b41e24485cea50d1cbac27 -> 
  custom:video-encoder-webm-vp8: eb34c28f22e8b96e1ab97ce403110664 -> 
  custom:video-decoder-webm-vp8: 9c59270c3fd7afecdb556c50c9e8de78 -> 
  custom:audio-decoder-ogg-vorbis: bf7c407c2cedff20999df2af8eb42d56 -> 
  custom:audio-encoder-webm-vorbis: bf7c407c2cedff20999df2af8eb42d56 -> 
